[1.024s] Invoking command in '/home/altair/catchrobo/build/catchrobo_pkg': PYTHONPATH=/home/altair/catchrobo/build/catchrobo_pkg/prefix_override:/usr/lib/python3/dist-packages/colcon_core/task/python/colcon_distutils_commands:/home/altair/catchrobo/install/catchrobo_pkg/lib/python3.10/site-packages:${PYTHONPATH} /usr/bin/python3 -W ignore:setup.py install is deprecated -W ignore:easy_install command is deprecated setup.py develop --editable --build-directory /home/altair/catchrobo/build/catchrobo_pkg/build --no-deps symlink_data
[1.445s] running develop
[1.699s] running egg_info
[1.719s] writing catchrobo_pkg.egg-info/PKG-INFO
[1.719s] writing dependency_links to catchrobo_pkg.egg-info/dependency_links.txt
[1.719s] writing entry points to catchrobo_pkg.egg-info/entry_points.txt
[1.720s] writing requirements to catchrobo_pkg.egg-info/requires.txt
[1.720s] writing top-level names to catchrobo_pkg.egg-info/top_level.txt
[1.759s] reading manifest file 'catchrobo_pkg.egg-info/SOURCES.txt'
[1.761s] writing manifest file 'catchrobo_pkg.egg-info/SOURCES.txt'
[1.781s] running build_ext
[1.781s] Creating /home/altair/catchrobo/install/catchrobo_pkg/lib/python3.10/site-packages/catchrobo-pkg.egg-link (link to .)
[1.782s] Installing can_node script to /home/altair/catchrobo/install/catchrobo_pkg/lib/catchrobo_pkg
[1.782s] Installing dualshock3_node script to /home/altair/catchrobo/install/catchrobo_pkg/lib/catchrobo_pkg
[1.782s] Installing planning_node script to /home/altair/catchrobo/install/catchrobo_pkg/lib/catchrobo_pkg
[1.782s] Installing web_socket_node script to /home/altair/catchrobo/install/catchrobo_pkg/lib/catchrobo_pkg
[1.782s] 
[1.782s] Installed /home/altair/catchrobo/build/catchrobo_pkg
[1.782s] running symlink_data
[1.862s] Invoked command in '/home/altair/catchrobo/build/catchrobo_pkg' returned '0': PYTHONPATH=/home/altair/catchrobo/build/catchrobo_pkg/prefix_override:/usr/lib/python3/dist-packages/colcon_core/task/python/colcon_distutils_commands:/home/altair/catchrobo/install/catchrobo_pkg/lib/python3.10/site-packages:${PYTHONPATH} /usr/bin/python3 -W ignore:setup.py install is deprecated -W ignore:easy_install command is deprecated setup.py develop --editable --build-directory /home/altair/catchrobo/build/catchrobo_pkg/build --no-deps symlink_data
