[1.093s] Invoking command in '/home/altair/catchrobo/build/catchrobo_pkg': PYTHONPATH=/home/altair/catchrobo/build/catchrobo_pkg/prefix_override:/usr/lib/python3/dist-packages/colcon_core/task/python/colcon_distutils_commands:/home/altair/catchrobo/install/catchrobo_pkg/lib/python3.10/site-packages:${PYTHONPATH} /usr/bin/python3 -W ignore:setup.py install is deprecated -W ignore:easy_install command is deprecated setup.py develop --editable --build-directory /home/altair/catchrobo/build/catchrobo_pkg/build --no-deps symlink_data
[1.528s] running develop
[1.791s] running egg_info
[1.811s] writing catchrobo_pkg.egg-info/PKG-INFO
[1.811s] writing dependency_links to catchrobo_pkg.egg-info/dependency_links.txt
[1.812s] writing entry points to catchrobo_pkg.egg-info/entry_points.txt
[1.812s] writing requirements to catchrobo_pkg.egg-info/requires.txt
[1.812s] writing top-level names to catchrobo_pkg.egg-info/top_level.txt
[1.854s] reading manifest file 'catchrobo_pkg.egg-info/SOURCES.txt'
[1.854s] writing manifest file 'catchrobo_pkg.egg-info/SOURCES.txt'
[1.875s] running build_ext
[1.875s] Creating /home/altair/catchrobo/install/catchrobo_pkg/lib/python3.10/site-packages/catchrobo-pkg.egg-link (link to .)
[1.876s] Installing camera_node script to /home/altair/catchrobo/install/catchrobo_pkg/lib/catchrobo_pkg
[1.876s] Installing custom_controller_node script to /home/altair/catchrobo/install/catchrobo_pkg/lib/catchrobo_pkg
[1.876s] Installing gamepad_node script to /home/altair/catchrobo/install/catchrobo_pkg/lib/catchrobo_pkg
[1.876s] Installing serial_can_gui_node script to /home/altair/catchrobo/install/catchrobo_pkg/lib/catchrobo_pkg
[1.877s] 
[1.877s] Installed /home/altair/catchrobo/build/catchrobo_pkg
[1.877s] running symlink_data
[1.957s] Invoked command in '/home/altair/catchrobo/build/catchrobo_pkg' returned '0': PYTHONPATH=/home/altair/catchrobo/build/catchrobo_pkg/prefix_override:/usr/lib/python3/dist-packages/colcon_core/task/python/colcon_distutils_commands:/home/altair/catchrobo/install/catchrobo_pkg/lib/python3.10/site-packages:${PYTHONPATH} /usr/bin/python3 -W ignore:setup.py install is deprecated -W ignore:easy_install command is deprecated setup.py develop --editable --build-directory /home/altair/catchrobo/build/catchrobo_pkg/build --no-deps symlink_data
