[1.341s] Invoking command in '/home/altair/catchrobo/src/catchrobo_pkg': PYTHONPATH=/home/altair/catchrobo/build/catchrobo_pkg/prefix_override:/usr/lib/python3/dist-packages/colcon_core/task/python/colcon_distutils_commands:/home/altair/catchrobo/install/catchrobo_pkg/lib/python3.10/site-packages:${PYTHONPATH} /usr/bin/python3 -W ignore:setup.py install is deprecated -W ignore:easy_install command is deprecated setup.py egg_info --egg-base ../../build/catchrobo_pkg build --build-base /home/altair/catchrobo/build/catchrobo_pkg/build install --record /home/altair/catchrobo/build/catchrobo_pkg/install.log --single-version-externally-managed install_data
[1.705s] running egg_info
[1.734s] writing ../../build/catchrobo_pkg/catchrobo_pkg.egg-info/PKG-INFO
[1.735s] writing dependency_links to ../../build/catchrobo_pkg/catchrobo_pkg.egg-info/dependency_links.txt
[1.735s] writing entry points to ../../build/catchrobo_pkg/catchrobo_pkg.egg-info/entry_points.txt
[1.736s] writing requirements to ../../build/catchrobo_pkg/catchrobo_pkg.egg-info/requires.txt
[1.736s] writing top-level names to ../../build/catchrobo_pkg/catchrobo_pkg.egg-info/top_level.txt
[1.795s] reading manifest file '../../build/catchrobo_pkg/catchrobo_pkg.egg-info/SOURCES.txt'
[1.796s] writing manifest file '../../build/catchrobo_pkg/catchrobo_pkg.egg-info/SOURCES.txt'
[1.797s] running build
[1.797s] running build_py
[1.797s] copying catchrobo_pkg/planning_node.py -> /home/altair/catchrobo/build/catchrobo_pkg/build/lib/catchrobo_pkg
[1.797s] copying catchrobo_pkg/dualshock3_node.py -> /home/altair/catchrobo/build/catchrobo_pkg/build/lib/catchrobo_pkg
[1.798s] copying catchrobo_pkg/web_socket_node.py -> /home/altair/catchrobo/build/catchrobo_pkg/build/lib/catchrobo_pkg
[1.798s] copying catchrobo_pkg/__init__.py -> /home/altair/catchrobo/build/catchrobo_pkg/build/lib/catchrobo_pkg
[1.798s] copying catchrobo_pkg/pid_node.py -> /home/altair/catchrobo/build/catchrobo_pkg/build/lib/catchrobo_pkg
[1.798s] copying catchrobo_pkg/angle_tracker.py -> /home/altair/catchrobo/build/catchrobo_pkg/build/lib/catchrobo_pkg
[1.799s] copying catchrobo_pkg/can_node.py -> /home/altair/catchrobo/build/catchrobo_pkg/build/lib/catchrobo_pkg
[1.799s] running install
[1.821s] running install_lib
[1.850s] copying /home/altair/catchrobo/build/catchrobo_pkg/build/lib/catchrobo_pkg/dualshock3_node.py -> /home/altair/catchrobo/install/catchrobo_pkg/lib/python3.10/site-packages/catchrobo_pkg
[1.851s] copying /home/altair/catchrobo/build/catchrobo_pkg/build/lib/catchrobo_pkg/angle_tracker.py -> /home/altair/catchrobo/install/catchrobo_pkg/lib/python3.10/site-packages/catchrobo_pkg
[1.851s] byte-compiling /home/altair/catchrobo/install/catchrobo_pkg/lib/python3.10/site-packages/catchrobo_pkg/dualshock3_node.py to dualshock3_node.cpython-310.pyc
[1.853s] byte-compiling /home/altair/catchrobo/install/catchrobo_pkg/lib/python3.10/site-packages/catchrobo_pkg/angle_tracker.py to angle_tracker.cpython-310.pyc
[1.853s] running install_data
[1.854s] copying resource/catchrobo_pkg -> /home/altair/catchrobo/install/catchrobo_pkg/share/ament_index/resource_index/packages
[1.854s] copying package.xml -> /home/altair/catchrobo/install/catchrobo_pkg/share/catchrobo_pkg
[1.854s] running install_egg_info
[1.886s] removing '/home/altair/catchrobo/install/catchrobo_pkg/lib/python3.10/site-packages/catchrobo_pkg-0.0.0-py3.10.egg-info' (and everything under it)
[1.886s] Copying ../../build/catchrobo_pkg/catchrobo_pkg.egg-info to /home/altair/catchrobo/install/catchrobo_pkg/lib/python3.10/site-packages/catchrobo_pkg-0.0.0-py3.10.egg-info
[1.887s] running install_scripts
[2.115s] Installing angle_tracker script to /home/altair/catchrobo/install/catchrobo_pkg/lib/catchrobo_pkg
[2.115s] Installing can_node script to /home/altair/catchrobo/install/catchrobo_pkg/lib/catchrobo_pkg
[2.116s] Installing dualshock3_node script to /home/altair/catchrobo/install/catchrobo_pkg/lib/catchrobo_pkg
[2.116s] Installing pid_node script to /home/altair/catchrobo/install/catchrobo_pkg/lib/catchrobo_pkg
[2.116s] Installing planning_node script to /home/altair/catchrobo/install/catchrobo_pkg/lib/catchrobo_pkg
[2.116s] Installing web_socket_node script to /home/altair/catchrobo/install/catchrobo_pkg/lib/catchrobo_pkg
[2.117s] writing list of installed files to '/home/altair/catchrobo/build/catchrobo_pkg/install.log'
[2.149s] Invoked command in '/home/altair/catchrobo/src/catchrobo_pkg' returned '0': PYTHONPATH=/home/altair/catchrobo/build/catchrobo_pkg/prefix_override:/usr/lib/python3/dist-packages/colcon_core/task/python/colcon_distutils_commands:/home/altair/catchrobo/install/catchrobo_pkg/lib/python3.10/site-packages:${PYTHONPATH} /usr/bin/python3 -W ignore:setup.py install is deprecated -W ignore:easy_install command is deprecated setup.py egg_info --egg-base ../../build/catchrobo_pkg build --build-base /home/altair/catchrobo/build/catchrobo_pkg/build install --record /home/altair/catchrobo/build/catchrobo_pkg/install.log --single-version-externally-managed install_data
