[2.601s] Invoking command in '/home/altair/catchrobo/src/catchrobo_pkg': PYTHONPATH=/home/altair/catchrobo/build/catchrobo_pkg/prefix_override:/usr/lib/python3/dist-packages/colcon_core/task/python/colcon_distutils_commands:/home/altair/catchrobo/install/catchrobo_pkg/lib/python3.10/site-packages:${PYTHONPATH} /usr/bin/python3 -W ignore:setup.py install is deprecated -W ignore:easy_install command is deprecated setup.py egg_info --egg-base ../../build/catchrobo_pkg build --build-base /home/altair/catchrobo/build/catchrobo_pkg/build install --record /home/altair/catchrobo/build/catchrobo_pkg/install.log --single-version-externally-managed install_data
[3.321s] running egg_info
[3.426s] writing ../../build/catchrobo_pkg/catchrobo_pkg.egg-info/PKG-INFO
[3.426s] writing dependency_links to ../../build/catchrobo_pkg/catchrobo_pkg.egg-info/dependency_links.txt
[3.427s] writing entry points to ../../build/catchrobo_pkg/catchrobo_pkg.egg-info/entry_points.txt
[3.427s] writing requirements to ../../build/catchrobo_pkg/catchrobo_pkg.egg-info/requires.txt
[3.427s] writing top-level names to ../../build/catchrobo_pkg/catchrobo_pkg.egg-info/top_level.txt
[3.519s] reading manifest file '../../build/catchrobo_pkg/catchrobo_pkg.egg-info/SOURCES.txt'
[3.533s] writing manifest file '../../build/catchrobo_pkg/catchrobo_pkg.egg-info/SOURCES.txt'
[3.534s] running build
[3.535s] running build_py
[3.537s] copying catchrobo_pkg/camera_node.py -> /home/altair/catchrobo/build/catchrobo_pkg/build/lib/catchrobo_pkg
[3.539s] copying catchrobo_pkg/__init__.py -> /home/altair/catchrobo/build/catchrobo_pkg/build/lib/catchrobo_pkg
[3.540s] copying catchrobo_pkg/serial_can_gui_node.py -> /home/altair/catchrobo/build/catchrobo_pkg/build/lib/catchrobo_pkg
[3.542s] copying catchrobo_pkg/gamepad_node.py -> /home/altair/catchrobo/build/catchrobo_pkg/build/lib/catchrobo_pkg
[3.543s] copying catchrobo_pkg/custom_controller_node.py -> /home/altair/catchrobo/build/catchrobo_pkg/build/lib/catchrobo_pkg
[3.546s] running install
[3.560s] running install_lib
[3.620s] copying /home/altair/catchrobo/build/catchrobo_pkg/build/lib/catchrobo_pkg/serial_can_gui_node.py -> /home/altair/catchrobo/install/catchrobo_pkg/lib/python3.10/site-packages/catchrobo_pkg
[3.622s] copying /home/altair/catchrobo/build/catchrobo_pkg/build/lib/catchrobo_pkg/serial_can_node.py -> /home/altair/catchrobo/install/catchrobo_pkg/lib/python3.10/site-packages/catchrobo_pkg
[3.624s] copying /home/altair/catchrobo/build/catchrobo_pkg/build/lib/catchrobo_pkg/debug_gui_node.py -> /home/altair/catchrobo/install/catchrobo_pkg/lib/python3.10/site-packages/catchrobo_pkg
[3.630s] byte-compiling /home/altair/catchrobo/install/catchrobo_pkg/lib/python3.10/site-packages/catchrobo_pkg/serial_can_gui_node.py to serial_can_gui_node.cpython-310.pyc
[3.648s] running install_data
[3.658s] copying resource/catchrobo_pkg -> /home/altair/catchrobo/install/catchrobo_pkg/share/ament_index/resource_index/packages
[3.660s] copying package.xml -> /home/altair/catchrobo/install/catchrobo_pkg/share/catchrobo_pkg
[3.661s] running install_egg_info
[3.760s] removing '/home/altair/catchrobo/install/catchrobo_pkg/lib/python3.10/site-packages/catchrobo_pkg-0.0.0-py3.10.egg-info' (and everything under it)
[3.762s] Copying ../../build/catchrobo_pkg/catchrobo_pkg.egg-info to /home/altair/catchrobo/install/catchrobo_pkg/lib/python3.10/site-packages/catchrobo_pkg-0.0.0-py3.10.egg-info
[3.773s] running install_scripts
[4.143s] Installing camera_node script to /home/altair/catchrobo/install/catchrobo_pkg/lib/catchrobo_pkg
[4.143s] Installing custom_controller_node script to /home/altair/catchrobo/install/catchrobo_pkg/lib/catchrobo_pkg
[4.143s] Installing gamepad_node script to /home/altair/catchrobo/install/catchrobo_pkg/lib/catchrobo_pkg
[4.143s] Installing serial_can_gui_node script to /home/altair/catchrobo/install/catchrobo_pkg/lib/catchrobo_pkg
[4.143s] writing list of installed files to '/home/altair/catchrobo/build/catchrobo_pkg/install.log'
[4.201s] Invoked command in '/home/altair/catchrobo/src/catchrobo_pkg' returned '0': PYTHONPATH=/home/altair/catchrobo/build/catchrobo_pkg/prefix_override:/usr/lib/python3/dist-packages/colcon_core/task/python/colcon_distutils_commands:/home/altair/catchrobo/install/catchrobo_pkg/lib/python3.10/site-packages:${PYTHONPATH} /usr/bin/python3 -W ignore:setup.py install is deprecated -W ignore:easy_install command is deprecated setup.py egg_info --egg-base ../../build/catchrobo_pkg build --build-base /home/altair/catchrobo/build/catchrobo_pkg/build install --record /home/altair/catchrobo/build/catchrobo_pkg/install.log --single-version-externally-managed install_data
