running egg_info
creating ../../build/catchrobo_pkg/catchrobo_pkg.egg-info
writing ../../build/catchrobo_pkg/catchrobo_pkg.egg-info/PKG-INFO
writing dependency_links to ../../build/catchrobo_pkg/catchrobo_pkg.egg-info/dependency_links.txt
writing entry points to ../../build/catchrobo_pkg/catchrobo_pkg.egg-info/entry_points.txt
writing requirements to ../../build/catchrobo_pkg/catchrobo_pkg.egg-info/requires.txt
writing top-level names to ../../build/catchrobo_pkg/catchrobo_pkg.egg-info/top_level.txt
writing manifest file '../../build/catchrobo_pkg/catchrobo_pkg.egg-info/SOURCES.txt'
reading manifest file '../../build/catchrobo_pkg/catchrobo_pkg.egg-info/SOURCES.txt'
writing manifest file '../../build/catchrobo_pkg/catchrobo_pkg.egg-info/SOURCES.txt'
running build
running build_py
creating /home/altair/catchrobo/build/catchrobo_pkg/build/lib/catchrobo_pkg
copying catchrobo_pkg/__init__.py -> /home/altair/catchrobo/build/catchrobo_pkg/build/lib/catchrobo_pkg
copying catchrobo_pkg/can_node.py -> /home/altair/catchrobo/build/catchrobo_pkg/build/lib/catchrobo_pkg
running install
running install_lib
creating /home/altair/catchrobo/install/catchrobo_pkg/lib/python3.10/site-packages/catchrobo_pkg
copying /home/altair/catchrobo/build/catchrobo_pkg/build/lib/catchrobo_pkg/__init__.py -> /home/altair/catchrobo/install/catchrobo_pkg/lib/python3.10/site-packages/catchrobo_pkg
copying /home/altair/catchrobo/build/catchrobo_pkg/build/lib/catchrobo_pkg/can_node.py -> /home/altair/catchrobo/install/catchrobo_pkg/lib/python3.10/site-packages/catchrobo_pkg
byte-compiling /home/altair/catchrobo/install/catchrobo_pkg/lib/python3.10/site-packages/catchrobo_pkg/__init__.py to __init__.cpython-310.pyc
byte-compiling /home/altair/catchrobo/install/catchrobo_pkg/lib/python3.10/site-packages/catchrobo_pkg/can_node.py to can_node.cpython-310.pyc
running install_data
creating /home/altair/catchrobo/install/catchrobo_pkg/share/ament_index/resource_index/packages
copying resource/catchrobo_pkg -> /home/altair/catchrobo/install/catchrobo_pkg/share/ament_index/resource_index/packages
copying package.xml -> /home/altair/catchrobo/install/catchrobo_pkg/share/catchrobo_pkg
running install_egg_info
Copying ../../build/catchrobo_pkg/catchrobo_pkg.egg-info to /home/altair/catchrobo/install/catchrobo_pkg/lib/python3.10/site-packages/catchrobo_pkg-0.0.0-py3.10.egg-info
running install_scripts
Installing can_node script to /home/altair/catchrobo/install/catchrobo_pkg/lib/catchrobo_pkg
writing list of installed files to '/home/altair/catchrobo/build/catchrobo_pkg/install.log'
