[1.676s] Invoking command in '/home/altair/catchrobo/src/catchrobo_pkg': PYTHONPATH=/home/altair/catchrobo/build/catchrobo_pkg/prefix_override:/usr/lib/python3/dist-packages/colcon_core/task/python/colcon_distutils_commands:/home/altair/catchrobo/install/catchrobo_pkg/lib/python3.10/site-packages:${PYTHONPATH} /usr/bin/python3 -W ignore:setup.py install is deprecated -W ignore:easy_install command is deprecated setup.py egg_info --egg-base ../../build/catchrobo_pkg build --build-base /home/altair/catchrobo/build/catchrobo_pkg/build install --record /home/altair/catchrobo/build/catchrobo_pkg/install.log --single-version-externally-managed install_data
[1.867s] /home/altair/.local/lib/python3.10/site-packages/setuptools/_distutils/dist.py:261: UserWarning: Unknown distribution option: 'tests_require'
[1.867s]   warnings.warn(msg)
[2.034s] running egg_info
[2.062s] creating ../../build/catchrobo_pkg/catchrobo_pkg.egg-info
[2.062s] writing ../../build/catchrobo_pkg/catchrobo_pkg.egg-info/PKG-INFO
[2.062s] writing dependency_links to ../../build/catchrobo_pkg/catchrobo_pkg.egg-info/dependency_links.txt
[2.063s] writing entry points to ../../build/catchrobo_pkg/catchrobo_pkg.egg-info/entry_points.txt
[2.063s] writing requirements to ../../build/catchrobo_pkg/catchrobo_pkg.egg-info/requires.txt
[2.063s] writing top-level names to ../../build/catchrobo_pkg/catchrobo_pkg.egg-info/top_level.txt
[2.063s] writing manifest file '../../build/catchrobo_pkg/catchrobo_pkg.egg-info/SOURCES.txt'
[2.118s] reading manifest file '../../build/catchrobo_pkg/catchrobo_pkg.egg-info/SOURCES.txt'
[2.120s] writing manifest file '../../build/catchrobo_pkg/catchrobo_pkg.egg-info/SOURCES.txt'
[2.120s] running build
[2.120s] running build_py
[2.120s] creating /home/altair/catchrobo/build/catchrobo_pkg/build/lib/catchrobo_pkg
[2.120s] copying catchrobo_pkg/__init__.py -> /home/altair/catchrobo/build/catchrobo_pkg/build/lib/catchrobo_pkg
[2.120s] copying catchrobo_pkg/can_node.py -> /home/altair/catchrobo/build/catchrobo_pkg/build/lib/catchrobo_pkg
[2.121s] running install
[2.126s] running install_lib
[2.153s] creating /home/altair/catchrobo/install/catchrobo_pkg/lib/python3.10/site-packages/catchrobo_pkg
[2.153s] copying /home/altair/catchrobo/build/catchrobo_pkg/build/lib/catchrobo_pkg/__init__.py -> /home/altair/catchrobo/install/catchrobo_pkg/lib/python3.10/site-packages/catchrobo_pkg
[2.154s] copying /home/altair/catchrobo/build/catchrobo_pkg/build/lib/catchrobo_pkg/can_node.py -> /home/altair/catchrobo/install/catchrobo_pkg/lib/python3.10/site-packages/catchrobo_pkg
[2.154s] byte-compiling /home/altair/catchrobo/install/catchrobo_pkg/lib/python3.10/site-packages/catchrobo_pkg/__init__.py to __init__.cpython-310.pyc
[2.154s] byte-compiling /home/altair/catchrobo/install/catchrobo_pkg/lib/python3.10/site-packages/catchrobo_pkg/can_node.py to can_node.cpython-310.pyc
[2.155s] running install_data
[2.155s] creating /home/altair/catchrobo/install/catchrobo_pkg/share/ament_index/resource_index/packages
[2.155s] copying resource/catchrobo_pkg -> /home/altair/catchrobo/install/catchrobo_pkg/share/ament_index/resource_index/packages
[2.155s] copying package.xml -> /home/altair/catchrobo/install/catchrobo_pkg/share/catchrobo_pkg
[2.155s] running install_egg_info
[2.184s] Copying ../../build/catchrobo_pkg/catchrobo_pkg.egg-info to /home/altair/catchrobo/install/catchrobo_pkg/lib/python3.10/site-packages/catchrobo_pkg-0.0.0-py3.10.egg-info
[2.185s] running install_scripts
[2.397s] Installing can_node script to /home/altair/catchrobo/install/catchrobo_pkg/lib/catchrobo_pkg
[2.397s] writing list of installed files to '/home/altair/catchrobo/build/catchrobo_pkg/install.log'
[2.423s] Invoked command in '/home/altair/catchrobo/src/catchrobo_pkg' returned '0': PYTHONPATH=/home/altair/catchrobo/build/catchrobo_pkg/prefix_override:/usr/lib/python3/dist-packages/colcon_core/task/python/colcon_distutils_commands:/home/altair/catchrobo/install/catchrobo_pkg/lib/python3.10/site-packages:${PYTHONPATH} /usr/bin/python3 -W ignore:setup.py install is deprecated -W ignore:easy_install command is deprecated setup.py egg_info --egg-base ../../build/catchrobo_pkg build --build-base /home/altair/catchrobo/build/catchrobo_pkg/build install --record /home/altair/catchrobo/build/catchrobo_pkg/install.log --single-version-externally-managed install_data
