/home/altair/.local/lib/python3.10/site-packages/setuptools/_distutils/dist.py:261: UserWarning: Unknown distribution option: 'tests_require'
  warnings.warn(msg)
running develop
running egg_info
writing catchrobo_pkg.egg-info/PKG-INFO
writing dependency_links to catchrobo_pkg.egg-info/dependency_links.txt
writing entry points to catchrobo_pkg.egg-info/entry_points.txt
writing requirements to catchrobo_pkg.egg-info/requires.txt
writing top-level names to catchrobo_pkg.egg-info/top_level.txt
reading manifest file 'catchrobo_pkg.egg-info/SOURCES.txt'
writing manifest file 'catchrobo_pkg.egg-info/SOURCES.txt'
running build_ext
Creating /home/altair/catchrobo/install/catchrobo_pkg/lib/python3.10/site-packages/catchrobo-pkg.egg-link (link to .)
Installing can_node script to /home/altair/catchrobo/install/catchrobo_pkg/lib/catchrobo_pkg
Installing dualshock3_node script to /home/altair/catchrobo/install/catchrobo_pkg/lib/catchrobo_pkg
Installing pid_node script to /home/altair/catchrobo/install/catchrobo_pkg/lib/catchrobo_pkg
Installing planning_node script to /home/altair/catchrobo/install/catchrobo_pkg/lib/catchrobo_pkg
Installing web_socket_node script to /home/altair/catchrobo/install/catchrobo_pkg/lib/catchrobo_pkg

Installed /home/altair/catchrobo/build/catchrobo_pkg
running symlink_data
