[1.037s] Invoking command in '/home/altair/catchrobo/src/build/catchrobo_pkg': PYTHONPATH=/home/altair/catchrobo/src/build/catchrobo_pkg/prefix_override:/usr/lib/python3/dist-packages/colcon_core/task/python/colcon_distutils_commands:/home/altair/catchrobo/src/install/catchrobo_pkg/lib/python3.10/site-packages:${PYTHONPATH} /usr/bin/python3 -W ignore:setup.py install is deprecated -W ignore:easy_install command is deprecated setup.py develop --editable --build-directory /home/altair/catchrobo/src/build/catchrobo_pkg/build --no-deps symlink_data --force
[1.457s] running develop
[1.709s] running egg_info
[1.728s] writing catchrobo_pkg.egg-info/PKG-INFO
[1.729s] writing dependency_links to catchrobo_pkg.egg-info/dependency_links.txt
[1.729s] writing entry points to catchrobo_pkg.egg-info/entry_points.txt
[1.729s] writing requirements to catchrobo_pkg.egg-info/requires.txt
[1.730s] writing top-level names to catchrobo_pkg.egg-info/top_level.txt
[1.769s] reading manifest file 'catchrobo_pkg.egg-info/SOURCES.txt'
[1.770s] writing manifest file 'catchrobo_pkg.egg-info/SOURCES.txt'
[1.790s] running build_ext
[1.791s] Creating /home/altair/catchrobo/src/install/catchrobo_pkg/lib/python3.10/site-packages/catchrobo-pkg.egg-link (link to .)
[1.791s] Installing can_node script to /home/altair/catchrobo/src/install/catchrobo_pkg/lib/catchrobo_pkg
[1.791s] Installing dualshock3_node script to /home/altair/catchrobo/src/install/catchrobo_pkg/lib/catchrobo_pkg
[1.792s] Installing planning_node script to /home/altair/catchrobo/src/install/catchrobo_pkg/lib/catchrobo_pkg
[1.792s] Installing web_socket_node script to /home/altair/catchrobo/src/install/catchrobo_pkg/lib/catchrobo_pkg
[1.792s] 
[1.792s] Installed /home/altair/catchrobo/src/build/catchrobo_pkg
[1.792s] running symlink_data
[1.792s] symbolically linking /home/altair/catchrobo/src/build/catchrobo_pkg/resource/catchrobo_pkg -> /home/altair/catchrobo/src/install/catchrobo_pkg/share/ament_index/resource_index/packages
[1.792s] symbolically linking /home/altair/catchrobo/src/build/catchrobo_pkg/package.xml -> /home/altair/catchrobo/src/install/catchrobo_pkg/share/catchrobo_pkg
[1.870s] Invoked command in '/home/altair/catchrobo/src/build/catchrobo_pkg' returned '0': PYTHONPATH=/home/altair/catchrobo/src/build/catchrobo_pkg/prefix_override:/usr/lib/python3/dist-packages/colcon_core/task/python/colcon_distutils_commands:/home/altair/catchrobo/src/install/catchrobo_pkg/lib/python3.10/site-packages:${PYTHONPATH} /usr/bin/python3 -W ignore:setup.py install is deprecated -W ignore:easy_install command is deprecated setup.py develop --editable --build-directory /home/altair/catchrobo/src/build/catchrobo_pkg/build --no-deps symlink_data --force
