[1.473s] Invoking command in '/home/altair/catchrobo/src/catchrobo_pkg': PYTHONPATH=/home/altair/catchrobo/build/catchrobo_pkg/prefix_override:/usr/lib/python3/dist-packages/colcon_core/task/python/colcon_distutils_commands:/home/altair/catchrobo/install/catchrobo_pkg/lib/python3.10/site-packages:${PYTHONPATH} /usr/bin/python3 -W ignore:setup.py install is deprecated -W ignore:easy_install command is deprecated setup.py egg_info --egg-base ../../build/catchrobo_pkg build --build-base /home/altair/catchrobo/build/catchrobo_pkg/build install --record /home/altair/catchrobo/build/catchrobo_pkg/install.log --single-version-externally-managed install_data
[1.939s] running egg_info
[1.968s] writing ../../build/catchrobo_pkg/catchrobo_pkg.egg-info/PKG-INFO
[1.969s] writing dependency_links to ../../build/catchrobo_pkg/catchrobo_pkg.egg-info/dependency_links.txt
[1.969s] writing entry points to ../../build/catchrobo_pkg/catchrobo_pkg.egg-info/entry_points.txt
[1.969s] writing requirements to ../../build/catchrobo_pkg/catchrobo_pkg.egg-info/requires.txt
[1.969s] writing top-level names to ../../build/catchrobo_pkg/catchrobo_pkg.egg-info/top_level.txt
[2.028s] reading manifest file '../../build/catchrobo_pkg/catchrobo_pkg.egg-info/SOURCES.txt'
[2.030s] writing manifest file '../../build/catchrobo_pkg/catchrobo_pkg.egg-info/SOURCES.txt'
[2.030s] running build
[2.030s] running build_py
[2.030s] copying catchrobo_pkg/planning_node.py -> /home/altair/catchrobo/build/catchrobo_pkg/build/lib/catchrobo_pkg
[2.030s] copying catchrobo_pkg/dualshock3_node.py -> /home/altair/catchrobo/build/catchrobo_pkg/build/lib/catchrobo_pkg
[2.031s] copying catchrobo_pkg/web_socket_node.py -> /home/altair/catchrobo/build/catchrobo_pkg/build/lib/catchrobo_pkg
[2.031s] copying catchrobo_pkg/__init__.py -> /home/altair/catchrobo/build/catchrobo_pkg/build/lib/catchrobo_pkg
[2.031s] copying catchrobo_pkg/pid_node.py -> /home/altair/catchrobo/build/catchrobo_pkg/build/lib/catchrobo_pkg
[2.031s] copying catchrobo_pkg/angle_tracker.py -> /home/altair/catchrobo/build/catchrobo_pkg/build/lib/catchrobo_pkg
[2.031s] copying catchrobo_pkg/can_node.py -> /home/altair/catchrobo/build/catchrobo_pkg/build/lib/catchrobo_pkg
[2.032s] running install
[2.037s] running install_lib
[2.066s] copying /home/altair/catchrobo/build/catchrobo_pkg/build/lib/catchrobo_pkg/web_socket_node.py -> /home/altair/catchrobo/install/catchrobo_pkg/lib/python3.10/site-packages/catchrobo_pkg
[2.067s] copying /home/altair/catchrobo/build/catchrobo_pkg/build/lib/catchrobo_pkg/can_node.py -> /home/altair/catchrobo/install/catchrobo_pkg/lib/python3.10/site-packages/catchrobo_pkg
[2.067s] byte-compiling /home/altair/catchrobo/install/catchrobo_pkg/lib/python3.10/site-packages/catchrobo_pkg/web_socket_node.py to web_socket_node.cpython-310.pyc
[2.068s] byte-compiling /home/altair/catchrobo/install/catchrobo_pkg/lib/python3.10/site-packages/catchrobo_pkg/can_node.py to can_node.cpython-310.pyc
[2.069s] running install_data
[2.069s] copying resource/catchrobo_pkg -> /home/altair/catchrobo/install/catchrobo_pkg/share/ament_index/resource_index/packages
[2.070s] copying package.xml -> /home/altair/catchrobo/install/catchrobo_pkg/share/catchrobo_pkg
[2.070s] running install_egg_info
[2.101s] removing '/home/altair/catchrobo/install/catchrobo_pkg/lib/python3.10/site-packages/catchrobo_pkg-0.0.0-py3.10.egg-info' (and everything under it)
[2.101s] Copying ../../build/catchrobo_pkg/catchrobo_pkg.egg-info to /home/altair/catchrobo/install/catchrobo_pkg/lib/python3.10/site-packages/catchrobo_pkg-0.0.0-py3.10.egg-info
[2.102s] running install_scripts
[2.357s] Installing angle_tracker script to /home/altair/catchrobo/install/catchrobo_pkg/lib/catchrobo_pkg
[2.357s] Installing can_node script to /home/altair/catchrobo/install/catchrobo_pkg/lib/catchrobo_pkg
[2.357s] Installing dualshock3_node script to /home/altair/catchrobo/install/catchrobo_pkg/lib/catchrobo_pkg
[2.357s] Installing pid_node script to /home/altair/catchrobo/install/catchrobo_pkg/lib/catchrobo_pkg
[2.357s] Installing planning_node script to /home/altair/catchrobo/install/catchrobo_pkg/lib/catchrobo_pkg
[2.357s] Installing web_socket_node script to /home/altair/catchrobo/install/catchrobo_pkg/lib/catchrobo_pkg
[2.358s] writing list of installed files to '/home/altair/catchrobo/build/catchrobo_pkg/install.log'
[2.385s] Invoked command in '/home/altair/catchrobo/src/catchrobo_pkg' returned '0': PYTHONPATH=/home/altair/catchrobo/build/catchrobo_pkg/prefix_override:/usr/lib/python3/dist-packages/colcon_core/task/python/colcon_distutils_commands:/home/altair/catchrobo/install/catchrobo_pkg/lib/python3.10/site-packages:${PYTHONPATH} /usr/bin/python3 -W ignore:setup.py install is deprecated -W ignore:easy_install command is deprecated setup.py egg_info --egg-base ../../build/catchrobo_pkg build --build-base /home/altair/catchrobo/build/catchrobo_pkg/build install --record /home/altair/catchrobo/build/catchrobo_pkg/install.log --single-version-externally-managed install_data
