[1.304s] Invoking command in '/home/altair/catchrobo/src/catchrobo_pkg': PYTHONPATH=/home/altair/catchrobo/build/catchrobo_pkg/prefix_override:/usr/lib/python3/dist-packages/colcon_core/task/python/colcon_distutils_commands:/home/altair/catchrobo/install/catchrobo_pkg/lib/python3.10/site-packages:${PYTHONPATH} /usr/bin/python3 -W ignore:setup.py install is deprecated -W ignore:easy_install command is deprecated setup.py egg_info --egg-base ../../build/catchrobo_pkg build --build-base /home/altair/catchrobo/build/catchrobo_pkg/build install --record /home/altair/catchrobo/build/catchrobo_pkg/install.log --single-version-externally-managed install_data
[1.648s] running egg_info
[1.667s] writing ../../build/catchrobo_pkg/catchrobo_pkg.egg-info/PKG-INFO
[1.668s] writing dependency_links to ../../build/catchrobo_pkg/catchrobo_pkg.egg-info/dependency_links.txt
[1.668s] writing entry points to ../../build/catchrobo_pkg/catchrobo_pkg.egg-info/entry_points.txt
[1.668s] writing requirements to ../../build/catchrobo_pkg/catchrobo_pkg.egg-info/requires.txt
[1.669s] writing top-level names to ../../build/catchrobo_pkg/catchrobo_pkg.egg-info/top_level.txt
[1.708s] reading manifest file '../../build/catchrobo_pkg/catchrobo_pkg.egg-info/SOURCES.txt'
[1.709s] writing manifest file '../../build/catchrobo_pkg/catchrobo_pkg.egg-info/SOURCES.txt'
[1.710s] running build
[1.710s] running build_py
[1.710s] copying catchrobo_pkg/custom_controller_node.py -> /home/altair/catchrobo/build/catchrobo_pkg/build/lib/catchrobo_pkg
[1.710s] copying catchrobo_pkg/serial_can_gui_node.py -> /home/altair/catchrobo/build/catchrobo_pkg/build/lib/catchrobo_pkg
[1.711s] copying catchrobo_pkg/gamepad_node.py -> /home/altair/catchrobo/build/catchrobo_pkg/build/lib/catchrobo_pkg
[1.711s] copying catchrobo_pkg/__init__.py -> /home/altair/catchrobo/build/catchrobo_pkg/build/lib/catchrobo_pkg
[1.711s] running install
[1.715s] running install_lib
[1.735s] byte-compiling /home/altair/catchrobo/install/catchrobo_pkg/lib/python3.10/site-packages/catchrobo_pkg/custom_controller_node.py to custom_controller_node.cpython-310.pyc
[1.737s] byte-compiling /home/altair/catchrobo/install/catchrobo_pkg/lib/python3.10/site-packages/catchrobo_pkg/debug_gui_node.py to debug_gui_node.cpython-310.pyc
[1.737s] running install_data
[1.738s] running install_egg_info
[1.759s] removing '/home/altair/catchrobo/install/catchrobo_pkg/lib/python3.10/site-packages/catchrobo_pkg-0.0.0-py3.10.egg-info' (and everything under it)
[1.760s] Copying ../../build/catchrobo_pkg/catchrobo_pkg.egg-info to /home/altair/catchrobo/install/catchrobo_pkg/lib/python3.10/site-packages/catchrobo_pkg-0.0.0-py3.10.egg-info
[1.760s] running install_scripts
[1.915s] Installing camera_node script to /home/altair/catchrobo/install/catchrobo_pkg/lib/catchrobo_pkg
[1.916s] Installing custom_controller_node script to /home/altair/catchrobo/install/catchrobo_pkg/lib/catchrobo_pkg
[1.916s] Installing gamepad_node script to /home/altair/catchrobo/install/catchrobo_pkg/lib/catchrobo_pkg
[1.916s] Installing serial_can_gui_node script to /home/altair/catchrobo/install/catchrobo_pkg/lib/catchrobo_pkg
[1.916s] writing list of installed files to '/home/altair/catchrobo/build/catchrobo_pkg/install.log'
[1.984s] Invoked command in '/home/altair/catchrobo/src/catchrobo_pkg' returned '0': PYTHONPATH=/home/altair/catchrobo/build/catchrobo_pkg/prefix_override:/usr/lib/python3/dist-packages/colcon_core/task/python/colcon_distutils_commands:/home/altair/catchrobo/install/catchrobo_pkg/lib/python3.10/site-packages:${PYTHONPATH} /usr/bin/python3 -W ignore:setup.py install is deprecated -W ignore:easy_install command is deprecated setup.py egg_info --egg-base ../../build/catchrobo_pkg build --build-base /home/altair/catchrobo/build/catchrobo_pkg/build install --record /home/altair/catchrobo/build/catchrobo_pkg/install.log --single-version-externally-managed install_data
