[1.597s] Invoking command in '/home/altair/catchrobo/build/catchrobo_pkg': PYTHONPATH=/home/altair/catchrobo/build/catchrobo_pkg/prefix_override:/usr/lib/python3/dist-packages/colcon_core/task/python/colcon_distutils_commands:/home/altair/catchrobo/install/catchrobo_pkg/lib/python3.10/site-packages:${PYTHONPATH} /usr/bin/python3 -W ignore:setup.py install is deprecated -W ignore:easy_install command is deprecated setup.py develop --editable --build-directory /home/altair/catchrobo/build/catchrobo_pkg/build --no-deps symlink_data
[2.108s] running develop
[2.549s] running egg_info
[2.577s] writing catchrobo_pkg.egg-info/PKG-INFO
[2.578s] writing dependency_links to catchrobo_pkg.egg-info/dependency_links.txt
[2.578s] writing entry points to catchrobo_pkg.egg-info/entry_points.txt
[2.578s] writing requirements to catchrobo_pkg.egg-info/requires.txt
[2.579s] writing top-level names to catchrobo_pkg.egg-info/top_level.txt
[2.636s] reading manifest file 'catchrobo_pkg.egg-info/SOURCES.txt'
[2.638s] writing manifest file 'catchrobo_pkg.egg-info/SOURCES.txt'
[2.720s] running build_ext
[2.722s] Creating /home/altair/catchrobo/install/catchrobo_pkg/lib/python3.10/site-packages/catchrobo-pkg.egg-link (link to .)
[2.728s] Installing can_node script to /home/altair/catchrobo/install/catchrobo_pkg/lib/catchrobo_pkg
[2.730s] Installing dualshock3_node script to /home/altair/catchrobo/install/catchrobo_pkg/lib/catchrobo_pkg
[2.732s] Installing pid_node script to /home/altair/catchrobo/install/catchrobo_pkg/lib/catchrobo_pkg
[2.733s] Installing planning_node script to /home/altair/catchrobo/install/catchrobo_pkg/lib/catchrobo_pkg
[2.734s] Installing web_socket_node script to /home/altair/catchrobo/install/catchrobo_pkg/lib/catchrobo_pkg
[2.736s] 
[2.737s] Installed /home/altair/catchrobo/build/catchrobo_pkg
[2.737s] running symlink_data
[2.796s] Invoked command in '/home/altair/catchrobo/build/catchrobo_pkg' returned '0': PYTHONPATH=/home/altair/catchrobo/build/catchrobo_pkg/prefix_override:/usr/lib/python3/dist-packages/colcon_core/task/python/colcon_distutils_commands:/home/altair/catchrobo/install/catchrobo_pkg/lib/python3.10/site-packages:${PYTHONPATH} /usr/bin/python3 -W ignore:setup.py install is deprecated -W ignore:easy_install command is deprecated setup.py develop --editable --build-directory /home/altair/catchrobo/build/catchrobo_pkg/build --no-deps symlink_data
