/home/altair/catchrobo/install/catchrobo_pkg/lib/python3.10/site-packages/catchrobo_pkg/camera_node.py
/home/altair/catchrobo/install/catchrobo_pkg/lib/python3.10/site-packages/catchrobo_pkg/custom_controller_node.py
/home/altair/catchrobo/install/catchrobo_pkg/lib/python3.10/site-packages/catchrobo_pkg/serial_can_gui_node.py
/home/altair/catchrobo/install/catchrobo_pkg/lib/python3.10/site-packages/catchrobo_pkg/gamepad_node.py
/home/altair/catchrobo/install/catchrobo_pkg/lib/python3.10/site-packages/catchrobo_pkg/__init__.py
/home/altair/catchrobo/install/catchrobo_pkg/lib/python3.10/site-packages/catchrobo_pkg/__pycache__/camera_node.cpython-310.pyc
/home/altair/catchrobo/install/catchrobo_pkg/lib/python3.10/site-packages/catchrobo_pkg/__pycache__/custom_controller_node.cpython-310.pyc
/home/altair/catchrobo/install/catchrobo_pkg/lib/python3.10/site-packages/catchrobo_pkg/__pycache__/serial_can_gui_node.cpython-310.pyc
/home/altair/catchrobo/install/catchrobo_pkg/lib/python3.10/site-packages/catchrobo_pkg/__pycache__/gamepad_node.cpython-310.pyc
/home/altair/catchrobo/install/catchrobo_pkg/lib/python3.10/site-packages/catchrobo_pkg/__pycache__/__init__.cpython-310.pyc
/home/altair/catchrobo/install/catchrobo_pkg/share/ament_index/resource_index/packages/catchrobo_pkg
/home/altair/catchrobo/install/catchrobo_pkg/share/catchrobo_pkg/package.xml
/home/altair/catchrobo/install/catchrobo_pkg/lib/python3.10/site-packages/catchrobo_pkg-0.0.0-py3.10.egg-info/PKG-INFO
/home/altair/catchrobo/install/catchrobo_pkg/lib/python3.10/site-packages/catchrobo_pkg-0.0.0-py3.10.egg-info/top_level.txt
/home/altair/catchrobo/install/catchrobo_pkg/lib/python3.10/site-packages/catchrobo_pkg-0.0.0-py3.10.egg-info/requires.txt
/home/altair/catchrobo/install/catchrobo_pkg/lib/python3.10/site-packages/catchrobo_pkg-0.0.0-py3.10.egg-info/entry_points.txt
/home/altair/catchrobo/install/catchrobo_pkg/lib/python3.10/site-packages/catchrobo_pkg-0.0.0-py3.10.egg-info/zip-safe
/home/altair/catchrobo/install/catchrobo_pkg/lib/python3.10/site-packages/catchrobo_pkg-0.0.0-py3.10.egg-info/dependency_links.txt
/home/altair/catchrobo/install/catchrobo_pkg/lib/python3.10/site-packages/catchrobo_pkg-0.0.0-py3.10.egg-info/SOURCES.txt
/home/altair/catchrobo/install/catchrobo_pkg/lib/catchrobo_pkg/camera_node
/home/altair/catchrobo/install/catchrobo_pkg/lib/catchrobo_pkg/custom_controller_node
/home/altair/catchrobo/install/catchrobo_pkg/lib/catchrobo_pkg/gamepad_node
/home/altair/catchrobo/install/catchrobo_pkg/lib/catchrobo_pkg/serial_can_gui_node
