[0.588s] DEBUG:colcon:Command line arguments: ['/usr/bin/colcon', 'build']
[0.588s] DEBUG:colcon:Parsed command line arguments: Namespace(log_base=None, log_level=None, verb_name='build', build_base='build', install_base='install', merge_install=False, symlink_install=False, test_result_base=None, continue_on_error=False, executor='parallel', parallel_workers=8, event_handlers=None, ignore_user_meta=False, metas=['./colcon.meta'], base_paths=['.'], packages_ignore=None, packages_ignore_regex=None, paths=None, packages_up_to=None, packages_up_to_regex=None, packages_above=None, packages_above_and_dependencies=None, packages_above_depth=None, packages_select_by_dep=None, packages_skip_by_dep=None, packages_skip_up_to=None, packages_select_build_failed=False, packages_skip_build_finished=False, packages_select_test_failures=False, packages_skip_test_passed=False, packages_select=None, packages_skip=None, packages_select_regex=None, packages_skip_regex=None, packages_start=None, packages_end=None, allow_overriding=[], cmake_args=None, cmake_target=None, cmake_target_skip_unavailable=False, cmake_clean_cache=False, cmake_clean_first=False, cmake_force_configure=False, ament_cmake_args=None, catkin_cmake_args=None, catkin_skip_building_tests=False, mixin_files=None, mixin=None, verb_parser=<colcon_mixin.mixin.mixin_argument.MixinArgumentDecorator object at 0x727f958b76a0>, verb_extension=<colcon_core.verb.build.BuildVerb object at 0x727f958b7130>, main=<bound method BuildVerb.main of <colcon_core.verb.build.BuildVerb object at 0x727f958b7130>>, mixin_verb=('build',))
[0.700s] Level 1:colcon.colcon_core.package_discovery:discover_packages(colcon_meta) check parameters
[0.700s] Level 1:colcon.colcon_core.package_discovery:discover_packages(recursive) check parameters
[0.700s] Level 1:colcon.colcon_core.package_discovery:discover_packages(ignore) check parameters
[0.700s] Level 1:colcon.colcon_core.package_discovery:discover_packages(path) check parameters
[0.700s] Level 1:colcon.colcon_core.package_discovery:discover_packages(colcon_meta) discover
[0.700s] Level 1:colcon.colcon_core.package_discovery:discover_packages(recursive) discover
[0.700s] INFO:colcon.colcon_core.package_discovery:Crawling recursively for packages in '/home/altair/catchrobo'
[0.700s] Level 1:colcon.colcon_core.package_identification:_identify(.) by extensions ['ignore', 'ignore_ament_install']
[0.701s] Level 1:colcon.colcon_core.package_identification:_identify(.) by extension 'ignore'
[0.701s] Level 1:colcon.colcon_core.package_identification:_identify(.) by extension 'ignore_ament_install'
[0.701s] Level 1:colcon.colcon_core.package_identification:_identify(.) by extensions ['colcon_pkg']
[0.701s] Level 1:colcon.colcon_core.package_identification:_identify(.) by extension 'colcon_pkg'
[0.701s] Level 1:colcon.colcon_core.package_identification:_identify(.) by extensions ['colcon_meta']
[0.701s] Level 1:colcon.colcon_core.package_identification:_identify(.) by extension 'colcon_meta'
[0.701s] Level 1:colcon.colcon_core.package_identification:_identify(.) by extensions ['ros']
[0.701s] Level 1:colcon.colcon_core.package_identification:_identify(.) by extension 'ros'
[0.720s] Level 1:colcon.colcon_core.package_identification:_identify(.) by extensions ['cmake', 'python']
[0.720s] Level 1:colcon.colcon_core.package_identification:_identify(.) by extension 'cmake'
[0.720s] Level 1:colcon.colcon_core.package_identification:_identify(.) by extension 'python'
[0.720s] Level 1:colcon.colcon_core.package_identification:_identify(.) by extensions ['python_setup_py']
[0.720s] Level 1:colcon.colcon_core.package_identification:_identify(.) by extension 'python_setup_py'
[0.721s] Level 1:colcon.colcon_core.package_identification:_identify(build) by extensions ['ignore', 'ignore_ament_install']
[0.721s] Level 1:colcon.colcon_core.package_identification:_identify(build) by extension 'ignore'
[0.721s] Level 1:colcon.colcon_core.package_identification:_identify(build) ignored
[0.721s] Level 1:colcon.colcon_core.package_identification:_identify(install) by extensions ['ignore', 'ignore_ament_install']
[0.721s] Level 1:colcon.colcon_core.package_identification:_identify(install) by extension 'ignore'
[0.721s] Level 1:colcon.colcon_core.package_identification:_identify(install) ignored
[0.721s] Level 1:colcon.colcon_core.package_identification:_identify(log) by extensions ['ignore', 'ignore_ament_install']
[0.722s] Level 1:colcon.colcon_core.package_identification:_identify(log) by extension 'ignore'
[0.722s] Level 1:colcon.colcon_core.package_identification:_identify(log) ignored
[0.722s] Level 1:colcon.colcon_core.package_identification:_identify(src) by extensions ['ignore', 'ignore_ament_install']
[0.722s] Level 1:colcon.colcon_core.package_identification:_identify(src) by extension 'ignore'
[0.722s] Level 1:colcon.colcon_core.package_identification:_identify(src) by extension 'ignore_ament_install'
[0.723s] Level 1:colcon.colcon_core.package_identification:_identify(src) by extensions ['colcon_pkg']
[0.724s] Level 1:colcon.colcon_core.package_identification:_identify(src) by extension 'colcon_pkg'
[0.725s] Level 1:colcon.colcon_core.package_identification:_identify(src) by extensions ['colcon_meta']
[0.725s] Level 1:colcon.colcon_core.package_identification:_identify(src) by extension 'colcon_meta'
[0.726s] Level 1:colcon.colcon_core.package_identification:_identify(src) by extensions ['ros']
[0.726s] Level 1:colcon.colcon_core.package_identification:_identify(src) by extension 'ros'
[0.727s] Level 1:colcon.colcon_core.package_identification:_identify(src) by extensions ['cmake', 'python']
[0.728s] Level 1:colcon.colcon_core.package_identification:_identify(src) by extension 'cmake'
[0.728s] Level 1:colcon.colcon_core.package_identification:_identify(src) by extension 'python'
[0.729s] Level 1:colcon.colcon_core.package_identification:_identify(src) by extensions ['python_setup_py']
[0.729s] Level 1:colcon.colcon_core.package_identification:_identify(src) by extension 'python_setup_py'
[0.730s] Level 1:colcon.colcon_core.package_identification:_identify(src/catchrobo_pkg) by extensions ['ignore', 'ignore_ament_install']
[0.731s] Level 1:colcon.colcon_core.package_identification:_identify(src/catchrobo_pkg) by extension 'ignore'
[0.732s] Level 1:colcon.colcon_core.package_identification:_identify(src/catchrobo_pkg) by extension 'ignore_ament_install'
[0.733s] Level 1:colcon.colcon_core.package_identification:_identify(src/catchrobo_pkg) by extensions ['colcon_pkg']
[0.733s] Level 1:colcon.colcon_core.package_identification:_identify(src/catchrobo_pkg) by extension 'colcon_pkg'
[0.733s] Level 1:colcon.colcon_core.package_identification:_identify(src/catchrobo_pkg) by extensions ['colcon_meta']
[0.734s] Level 1:colcon.colcon_core.package_identification:_identify(src/catchrobo_pkg) by extension 'colcon_meta'
[0.734s] Level 1:colcon.colcon_core.package_identification:_identify(src/catchrobo_pkg) by extensions ['ros']
[0.734s] Level 1:colcon.colcon_core.package_identification:_identify(src/catchrobo_pkg) by extension 'ros'
[0.741s] DEBUG:colcon.colcon_core.package_identification:Package 'src/catchrobo_pkg' with type 'ros.ament_python' and name 'catchrobo_pkg'
[0.741s] Level 1:colcon.colcon_core.package_discovery:discover_packages(recursive) using defaults
[0.741s] Level 1:colcon.colcon_core.package_discovery:discover_packages(ignore) discover
[0.741s] Level 1:colcon.colcon_core.package_discovery:discover_packages(ignore) using defaults
[0.741s] Level 1:colcon.colcon_core.package_discovery:discover_packages(path) discover
[0.741s] Level 1:colcon.colcon_core.package_discovery:discover_packages(path) using defaults
[0.788s] Level 1:colcon.colcon_core.package_discovery:discover_packages(prefix_path) check parameters
[0.789s] Level 1:colcon.colcon_core.package_discovery:discover_packages(prefix_path) discover
[0.823s] DEBUG:colcon.colcon_installed_package_information.package_discovery:Found 334 installed packages in /opt/ros/humble
[0.833s] Level 1:colcon.colcon_core.package_discovery:discover_packages(prefix_path) using defaults
[1.009s] Level 5:colcon.colcon_core.verb:set package 'catchrobo_pkg' build argument 'cmake_args' from command line to 'None'
[1.009s] Level 5:colcon.colcon_core.verb:set package 'catchrobo_pkg' build argument 'cmake_target' from command line to 'None'
[1.009s] Level 5:colcon.colcon_core.verb:set package 'catchrobo_pkg' build argument 'cmake_target_skip_unavailable' from command line to 'False'
[1.009s] Level 5:colcon.colcon_core.verb:set package 'catchrobo_pkg' build argument 'cmake_clean_cache' from command line to 'False'
[1.009s] Level 5:colcon.colcon_core.verb:set package 'catchrobo_pkg' build argument 'cmake_clean_first' from command line to 'False'
[1.009s] Level 5:colcon.colcon_core.verb:set package 'catchrobo_pkg' build argument 'cmake_force_configure' from command line to 'False'
[1.009s] Level 5:colcon.colcon_core.verb:set package 'catchrobo_pkg' build argument 'ament_cmake_args' from command line to 'None'
[1.009s] Level 5:colcon.colcon_core.verb:set package 'catchrobo_pkg' build argument 'catkin_cmake_args' from command line to 'None'
[1.009s] Level 5:colcon.colcon_core.verb:set package 'catchrobo_pkg' build argument 'catkin_skip_building_tests' from command line to 'False'
[1.009s] DEBUG:colcon.colcon_core.verb:Building package 'catchrobo_pkg' with the following arguments: {'ament_cmake_args': None, 'build_base': '/home/altair/catchrobo/build/catchrobo_pkg', 'catkin_cmake_args': None, 'catkin_skip_building_tests': False, 'cmake_args': None, 'cmake_clean_cache': False, 'cmake_clean_first': False, 'cmake_force_configure': False, 'cmake_target': None, 'cmake_target_skip_unavailable': False, 'install_base': '/home/altair/catchrobo/install/catchrobo_pkg', 'merge_install': False, 'path': '/home/altair/catchrobo/src/catchrobo_pkg', 'symlink_install': False, 'test_result_base': None}
[1.009s] INFO:colcon.colcon_core.executor:Executing jobs using 'parallel' executor
[1.011s] DEBUG:colcon.colcon_parallel_executor.executor.parallel:run_until_complete
[1.011s] INFO:colcon.colcon_ros.task.ament_python.build:Building ROS package in '/home/altair/catchrobo/src/catchrobo_pkg' with build type 'ament_python'
[1.012s] Level 1:colcon.colcon_core.shell:create_environment_hook('catchrobo_pkg', 'ament_prefix_path')
[1.014s] INFO:colcon.colcon_core.plugin_system:Skipping extension 'colcon_core.shell.bat': Not used on non-Windows systems
[1.014s] INFO:colcon.colcon_core.shell:Creating environment hook '/home/altair/catchrobo/install/catchrobo_pkg/share/catchrobo_pkg/hook/ament_prefix_path.ps1'
[1.015s] INFO:colcon.colcon_core.shell:Creating environment descriptor '/home/altair/catchrobo/install/catchrobo_pkg/share/catchrobo_pkg/hook/ament_prefix_path.dsv'
[1.015s] INFO:colcon.colcon_core.shell:Creating environment hook '/home/altair/catchrobo/install/catchrobo_pkg/share/catchrobo_pkg/hook/ament_prefix_path.sh'
[1.016s] INFO:colcon.colcon_core.shell:Skip shell extension 'powershell' for command environment: Not usable outside of PowerShell
[1.016s] DEBUG:colcon.colcon_core.shell:Skip shell extension 'dsv' for command environment
[1.909s] INFO:colcon.colcon_core.task.python.build:Building Python package in '/home/altair/catchrobo/src/catchrobo_pkg'
[1.909s] INFO:colcon.colcon_core.shell:Skip shell extension 'powershell' for command environment: Not usable outside of PowerShell
[1.909s] DEBUG:colcon.colcon_core.shell:Skip shell extension 'dsv' for command environment
[4.646s] DEBUG:colcon.colcon_core.event_handler.log_command:Invoking command in '/home/altair/catchrobo/src/catchrobo_pkg': PYTHONPATH=/home/altair/catchrobo/build/catchrobo_pkg/prefix_override:/usr/lib/python3/dist-packages/colcon_core/task/python/colcon_distutils_commands:/home/altair/catchrobo/install/catchrobo_pkg/lib/python3.10/site-packages:${PYTHONPATH} /usr/bin/python3 -W ignore:setup.py install is deprecated -W ignore:easy_install command is deprecated setup.py egg_info --egg-base ../../build/catchrobo_pkg build --build-base /home/altair/catchrobo/build/catchrobo_pkg/build install --record /home/altair/catchrobo/build/catchrobo_pkg/install.log --single-version-externally-managed install_data
[6.821s] DEBUG:colcon.colcon_core.event_handler.log_command:Invoked command in '/home/altair/catchrobo/src/catchrobo_pkg' returned '0': PYTHONPATH=/home/altair/catchrobo/build/catchrobo_pkg/prefix_override:/usr/lib/python3/dist-packages/colcon_core/task/python/colcon_distutils_commands:/home/altair/catchrobo/install/catchrobo_pkg/lib/python3.10/site-packages:${PYTHONPATH} /usr/bin/python3 -W ignore:setup.py install is deprecated -W ignore:easy_install command is deprecated setup.py egg_info --egg-base ../../build/catchrobo_pkg build --build-base /home/altair/catchrobo/build/catchrobo_pkg/build install --record /home/altair/catchrobo/build/catchrobo_pkg/install.log --single-version-externally-managed install_data
[6.823s] Level 1:colcon.colcon_core.environment:checking '/home/altair/catchrobo/install/catchrobo_pkg' for CMake module files
[6.824s] Level 1:colcon.colcon_core.environment:checking '/home/altair/catchrobo/install/catchrobo_pkg' for CMake config files
[6.825s] Level 1:colcon.colcon_core.environment:checking '/home/altair/catchrobo/install/catchrobo_pkg/lib'
[6.825s] Level 1:colcon.colcon_core.environment:checking '/home/altair/catchrobo/install/catchrobo_pkg/bin'
[6.825s] Level 1:colcon.colcon_core.environment:checking '/home/altair/catchrobo/install/catchrobo_pkg/lib/pkgconfig/catchrobo_pkg.pc'
[6.825s] Level 1:colcon.colcon_core.environment:checking '/home/altair/catchrobo/install/catchrobo_pkg/lib/python3.10/site-packages'
[6.825s] Level 1:colcon.colcon_core.shell:create_environment_hook('catchrobo_pkg', 'pythonpath')
[6.825s] INFO:colcon.colcon_core.shell:Creating environment hook '/home/altair/catchrobo/install/catchrobo_pkg/share/catchrobo_pkg/hook/pythonpath.ps1'
[6.826s] INFO:colcon.colcon_core.shell:Creating environment descriptor '/home/altair/catchrobo/install/catchrobo_pkg/share/catchrobo_pkg/hook/pythonpath.dsv'
[6.826s] INFO:colcon.colcon_core.shell:Creating environment hook '/home/altair/catchrobo/install/catchrobo_pkg/share/catchrobo_pkg/hook/pythonpath.sh'
[6.827s] Level 1:colcon.colcon_core.environment:checking '/home/altair/catchrobo/install/catchrobo_pkg/bin'
[6.827s] Level 1:colcon.colcon_core.environment:create_environment_scripts_only(catchrobo_pkg)
[6.827s] INFO:colcon.colcon_core.shell:Creating package script '/home/altair/catchrobo/install/catchrobo_pkg/share/catchrobo_pkg/package.ps1'
[6.828s] INFO:colcon.colcon_core.shell:Creating package descriptor '/home/altair/catchrobo/install/catchrobo_pkg/share/catchrobo_pkg/package.dsv'
[6.828s] INFO:colcon.colcon_core.shell:Creating package script '/home/altair/catchrobo/install/catchrobo_pkg/share/catchrobo_pkg/package.sh'
[6.829s] INFO:colcon.colcon_core.shell:Creating package script '/home/altair/catchrobo/install/catchrobo_pkg/share/catchrobo_pkg/package.bash'
[6.830s] INFO:colcon.colcon_core.shell:Creating package script '/home/altair/catchrobo/install/catchrobo_pkg/share/catchrobo_pkg/package.zsh'
[6.831s] Level 1:colcon.colcon_core.environment:create_file_with_runtime_dependencies(/home/altair/catchrobo/install/catchrobo_pkg/share/colcon-core/packages/catchrobo_pkg)
[6.831s] DEBUG:colcon.colcon_parallel_executor.executor.parallel:closing loop
[6.831s] DEBUG:colcon.colcon_parallel_executor.executor.parallel:loop closed
[6.832s] DEBUG:colcon.colcon_parallel_executor.executor.parallel:run_until_complete finished with '0'
[6.832s] DEBUG:colcon.colcon_core.event_reactor:joining thread
[6.838s] INFO:colcon.colcon_core.plugin_system:Skipping extension 'colcon_notification.desktop_notification.terminal_notifier': Not used on non-Darwin systems
[6.838s] INFO:colcon.colcon_core.plugin_system:Skipping extension 'colcon_notification.desktop_notification.win32': Not used on non-Windows systems
[6.839s] INFO:colcon.colcon_notification.desktop_notification:Sending desktop notification using 'notify2'
[6.881s] DEBUG:colcon.colcon_core.event_reactor:joined thread
[6.882s] INFO:colcon.colcon_core.shell:Creating prefix script '/home/altair/catchrobo/install/local_setup.ps1'
[6.883s] INFO:colcon.colcon_core.shell:Creating prefix util module '/home/altair/catchrobo/install/_local_setup_util_ps1.py'
[6.885s] INFO:colcon.colcon_core.shell:Creating prefix chain script '/home/altair/catchrobo/install/setup.ps1'
[6.894s] INFO:colcon.colcon_core.shell:Creating prefix script '/home/altair/catchrobo/install/local_setup.sh'
[6.899s] INFO:colcon.colcon_core.shell:Creating prefix util module '/home/altair/catchrobo/install/_local_setup_util_sh.py'
[6.903s] INFO:colcon.colcon_core.shell:Creating prefix chain script '/home/altair/catchrobo/install/setup.sh'
[6.912s] INFO:colcon.colcon_core.shell:Creating prefix script '/home/altair/catchrobo/install/local_setup.bash'
[6.917s] INFO:colcon.colcon_core.shell:Creating prefix chain script '/home/altair/catchrobo/install/setup.bash'
[6.920s] INFO:colcon.colcon_core.shell:Creating prefix script '/home/altair/catchrobo/install/local_setup.zsh'
[6.921s] INFO:colcon.colcon_core.shell:Creating prefix chain script '/home/altair/catchrobo/install/setup.zsh'
